<?xml version="1.0" encoding="UTF-8"?>
<!-- Generated by org.testng.reporters.JUnitReportReporter -->
<testsuite skipped="1" hostname="ashish-PC" name="Runner.runnerClass" tests="1" failures="0" timestamp="02 Aug 2019 17:29:53 GMT" time="0.000" errors="0">
  <testcase name="login" time="0.000" classname="Runner.runnerClass">
    <skipped/>
  </testcase> <!-- login -->
</testsuite> <!-- Runner.runnerClass -->
